Change component parameters: Designator = "R23" ("R23"); Footprint = "RES_0603"; UniqueID = "\VWXAFNSZ" ("\VWXAFNSZ")
Change component parameters (AddParameter): Name = "Brand"; Value = "YAGEO"; VariantName = "[No Variations]"
Change component parameters (AddParameter): Name = "Component"; Value = "Resistor"; VariantName = "[No Variations]"
Change component parameters (AddParameter): Name = "LCSC Part"; Value = "C724040"; VariantName = "[No Variations]"
Change component parameters (AddParameter): Name = "Manufacturer Part Number"; Value = "RC0603FR-073K3L"; VariantName = "[No Variations]"
Change component parameters (AddParameter): Name = "Marking"; Value = "3301"; VariantName = "[No Variations]"
Change component parameters (AddParameter): Name = "Package"; Value = "0603"; VariantName = "[No Variations]"
Change component parameters (AddParameter): Name = "Supplier"; Value = "ELEMENT 14"; VariantName = "[No Variations]"
Change component parameters: Designator = "R24" ("R24"); Footprint = "RES_0603"; UniqueID = "\EBICMZBE" ("\EBICMZBE")
Change component parameters (AddParameter): Name = "Brand"; Value = "YAGEO"; VariantName = "[No Variations]"
Change component parameters (AddParameter): Name = "Component"; Value = "Resistor"; VariantName = "[No Variations]"
Change component parameters (AddParameter): Name = "LCSC Part"; Value = "C724040"; VariantName = "[No Variations]"
Change component parameters (AddParameter): Name = "Manufacturer Part Number"; Value = "RC0603FR-073K3L"; VariantName = "[No Variations]"
Change component parameters (AddParameter): Name = "Marking"; Value = "3301"; VariantName = "[No Variations]"
Change component parameters (AddParameter): Name = "Package"; Value = "0603"; VariantName = "[No Variations]"
Change component parameters (AddParameter): Name = "Supplier"; Value = "ELEMENT 14"; VariantName = "[No Variations]"
Change component parameters: Designator = "R25" ("R25"); Footprint = "RES_0603"; UniqueID = "\BGGJSCEB" ("\BGGJSCEB")
Change component parameters (AddParameter): Name = "Brand"; Value = "YAGEO"; VariantName = "[No Variations]"
Change component parameters (AddParameter): Name = "Component"; Value = "Resistor"; VariantName = "[No Variations]"
Change component parameters (AddParameter): Name = "LCSC Part"; Value = "C724040"; VariantName = "[No Variations]"
Change component parameters (AddParameter): Name = "Manufacturer Part Number"; Value = "RC0603FR-073K3L"; VariantName = "[No Variations]"
Change component parameters (AddParameter): Name = "Marking"; Value = "3301"; VariantName = "[No Variations]"
Change component parameters (AddParameter): Name = "Package"; Value = "0603"; VariantName = "[No Variations]"
Change component parameters (AddParameter): Name = "Supplier"; Value = "ELEMENT 14"; VariantName = "[No Variations]"
Change component parameters: Designator = "U6" ("U6"); Footprint = "STM32G030F8P6"; UniqueID = "\FKFDAUYM" ("\FKFDAUYM")
Change component parameters (AddParameter): Name = "Brand"; Value = "STMicroelectronics"; VariantName = "[No Variations]"
Change component parameters (AddParameter): Name = "LCSC Part"; Value = "C724040"; VariantName = "[No Variations]"
Change component parameters (AddParameter): Name = "Manufacturer Part Number"; Value = "STM32G030F6P6"; VariantName = "[No Variations]"
Change component parameters (AddParameter): Name = "Package"; Value = "TSSOP-20"; VariantName = "[No Variations]"
