Removed Member From Class: ClassName=Sheet2 Member=C?
Change Component Designator: OldDesignator=C? NewDesignator=C10
Change Component Designator: OldDesignator=C? NewDesignator=C11
Change Component Designator: OldDesignator=C? NewDesignator=C12
Change Component Designator: OldDesignator=C? NewDesignator=C13
Change Component Designator: OldDesignator=C? NewDesignator=C14
Change Component Designator: OldDesignator=C? NewDesignator=C15
Change Component Designator: OldDesignator=C? NewDesignator=C16
Change Component Designator: OldDesignator=DS? NewDesignator=DS1
Change Component Designator: OldDesignator=DS? NewDesignator=DS2
Change Component Designator: OldDesignator=DS? NewDesignator=DS3
Change Component Designator: OldDesignator=FB? NewDesignator=FB2
Change Component Designator: OldDesignator=J? NewDesignator=J5
Change Component Designator: OldDesignator=J? NewDesignator=J6
Change Component Designator: OldDesignator=K? NewDesignator=K1
Change Component Designator: OldDesignator=MH? NewDesignator=MH1
Change Component Designator: OldDesignator=MH? NewDesignator=MH2
Change Component Designator: OldDesignator=MH? NewDesignator=MH3
Change Component Designator: OldDesignator=MH? NewDesignator=MH4
Change Component Designator: OldDesignator=R? NewDesignator=R23
Change Component Designator: OldDesignator=R? NewDesignator=R24
Change Component Designator: OldDesignator=R? NewDesignator=R25
Change Component Designator: OldDesignator=R? NewDesignator=R26
Change Component Designator: OldDesignator=R? NewDesignator=R27
Change Component Designator: OldDesignator=R? NewDesignator=R28
Change Component Designator: OldDesignator=R? NewDesignator=R29
Change Component Designator: OldDesignator=R? NewDesignator=R30
Change Component Designator: OldDesignator=R? NewDesignator=R31
Change Component Designator: OldDesignator=TP? NewDesignator=TP11
Change Component Designator: OldDesignator=TP? NewDesignator=TP12
Change Component Designator: OldDesignator=U? NewDesignator=U6
Change Net Name : Old Net Name=NetC?_1 New Net Name=NetC10_1
Change Net Name : Old Net Name=NetC?_2 New Net Name=NetC15_2
Change Net Name : Old Net Name=NetDS?_C New Net Name=NetDS2_C
Change Net Name : Old Net Name=NetJ?_1 New Net Name=NetJ6_1
Change Net Name : Old Net Name=NetJ?_2 New Net Name=NetJ6_2
Change Net Name : Old Net Name=NetR?_2 New Net Name=NetR23_2
Change Net Name : Old Net Name=NetU?_1 New Net Name=NetU6_1
Change Net Name : Old Net Name=NetU?_2 New Net Name=NetU6_2
Change Net Name : Old Net Name=NetU?_7 New Net Name=NetU6_7
Change Net Name : Old Net Name=NetU?_8 New Net Name=NetU6_8
Change Net Name : Old Net Name=NetU?_11 New Net Name=NetU6_11
Change Net Name : Old Net Name=NetU?_12 New Net Name=NetU6_12
Change Net Name : Old Net Name=NetU?_13 New Net Name=NetU6_13
Change Net Name : Old Net Name=NetU?_14 New Net Name=NetU6_14
Change Net Name : Old Net Name=NetU?_15 New Net Name=NetU6_15
Added Pin To Net: NetName=NetC16_2 Pin=C16-2
Added Pin To Net: NetName=NetC16_2 Pin=K1-1
Added Pin To Net: NetName=NetC16_2 Pin=K1-4
Added Pin To Net: NetName=NetC16_2 Pin=R28-1
Added Pin To Net: NetName=NetC16_2 Pin=R30-1
Added Net: Name=NetC16_2
Added Pin To Net: NetName=NetDS1_C Pin=DS1-C
Added Pin To Net: NetName=NetDS1_C Pin=R24-1
Added Net: Name=NetDS1_C
Added Pin To Net: NetName=NetDS3_C Pin=DS3-C
Added Pin To Net: NetName=NetDS3_C Pin=R23-1
Added Net: Name=NetDS3_C
Added Pin To Net: NetName=NetR24_2 Pin=R24-2
Added Pin To Net: NetName=NetR24_2 Pin=U6-16
Added Net: Name=NetR24_2
Added Pin To Net: NetName=NetR25_2 Pin=R25-2
Added Pin To Net: NetName=NetR25_2 Pin=U6-20
Added Net: Name=NetR25_2
Added Pin To Net: NetName=NetR30_2 Pin=R30-2
Added Pin To Net: NetName=NetR30_2 Pin=U6-3
Added Net: Name=NetR30_2
Added Member To Class: ClassName=Sheet2 Member=Component C10 1uF 50V
Added Member To Class: ClassName=Sheet2 Member=Component C11 1uF 50V
Added Member To Class: ClassName=Sheet1 Member=Component C12 4.7uF 25V
Added Member To Class: ClassName=Sheet1 Member=Component C13 0.1uF 50V
Added Member To Class: ClassName=Sheet1 Member=Component C15 0.1uF 50V
Added Member To Class: ClassName=Sheet1 Member=Component C16 0.1uF 50V
Added Member To Class: ClassName=Sheet1 Member=Component DS2 RED
Added Member To Class: ClassName=Sheet1 Member=Component DS3 RED
Added Member To Class: ClassName=Sheet1 Member=Component J6 61300211121
Added Member To Class: ClassName=Sheet2 Member=Component MH1 MOUNT_HOLE_4mm
Added Member To Class: ClassName=Sheet2 Member=Component MH3 MOUNT_HOLE_4mm
Added Member To Class: ClassName=Sheet2 Member=Component MH4 MOUNT_HOLE_4mm
Added Member To Class: ClassName=Sheet1 Member=Component R23 3.3K
Added Member To Class: ClassName=Sheet1 Member=Component R25 3.3K
Added Member To Class: ClassName=Sheet1 Member=Component R26 10K
Added Member To Class: ClassName=Sheet1 Member=Component R27 1K
Added Member To Class: ClassName=Sheet1 Member=Component R28 10K
Added Member To Class: ClassName=Sheet1 Member=Component R29 1K
Added Member To Class: ClassName=Sheet1 Member=Component R30 1K
Added Member To Class: ClassName=Sheet1 Member=Component R31 1K
Added Member To Class: ClassName=Sheet1 Member=Component TP11 TP
