Change Component DesignItemId : Designator=C7 Old DesignItemId=C0603-1uF 50V-MLCC New DesignItemId=C0805-1uF 50V-MLCC
Change Component Footprint: Designator=C7 Old Footprint=CAP_0603 New Footprint=CAP_0805
Change Component Comment : Designator=C7 Old Comment=1uF 50V New Comment=1uF
Change Component Comment : Designator=R20 Old Comment=100K_0.1% New Comment=100K 0.1%
Change Component Description : Designator=R20 Old Description=SMD Chip Resistor, 100 kohm, ± 0.1%, 100 mW, 0603 [1608 Metric], Metal Film (Thin Film) New Description=SMD Chip Resistor, 100 kohm, ± 0.1%, 100 mW, 0603 [1608 Metric], Thick Film, General Purpose
Change Component Description : Designator=C7 Old Description=SMD Multilayer Ceramic 1 µF ±10% 50V Ceramic Capacitor X7R 0603 (2012 Metric) New Description=SMD Multilayer Ceramic Capacitor, 1 µF, 50 V, 0805 [2012 Metric], ± 10%, X7R, -55 °C
Change component parameters: Designator = "R21" ("R21"); Footprint = "RES_0603"; UniqueID = "\JIVWAAOW" ("\JIVWAAOW")
Change component parameters (AddParameter): Name = "Brand"; Value = "YAGEO"; VariantName = "[No Variations]"
Change component parameters (AddParameter): Name = "Component"; Value = "Resistor"; VariantName = "[No Variations]"
Change component parameters (AddParameter): Name = "LCSC Part"; Value = "C114659"; VariantName = "[No Variations]"
Change component parameters (AddParameter): Name = "Manufacturer Part Number"; Value = "RC0603FR-0712KL"; VariantName = "[No Variations]"
Change component parameters (AddParameter): Name = "Marking"; Value = "1202"; VariantName = "[No Variations]"
Change component parameters (AddParameter): Name = "Package"; Value = "0603"; VariantName = "[No Variations]"
Change component parameters (AddParameter): Name = "Supplier"; Value = "ELEMENT 14"; VariantName = "[No Variations]"
Change component parameters: Designator = "R20" ("R20"); Footprint = "RES_0603"; UniqueID = "\YNAYXEAJ" ("\YNAYXEAJ")
Change component parameters (AddParameter): Name = "Brand"; Value = "YAGEO"; VariantName = "[No Variations]"
Change component parameters (AddParameter): Name = "Component"; Value = "Resistor"; VariantName = "[No Variations]"
Change component parameters (AddParameter): Name = "LCSC Part"; Value = "C122538"; VariantName = "[No Variations]"
Change component parameters (AddParameter): Name = "Manufacturer Part Number"; Value = "RT0603BRD07100KL"; VariantName = "[No Variations]"
Change component parameters (AddParameter): Name = "Marking"; Value = "1003"; VariantName = "[No Variations]"
Change component parameters (AddParameter): Name = "Package"; Value = "0603"; VariantName = "[No Variations]"
Change component parameters (AddParameter): Name = "Supplier"; Value = "ELEMENT 14"; VariantName = "[No Variations]"
Change component parameters: Designator = "C7" ("C7"); Footprint = "CAP_0603"; UniqueID = "\RFNXRWYM" ("\RFNXRWYM")
Change component parameters (AddParameter): Name = "Brand"; Value = "YAGEO"; VariantName = "[No Variations]"
Change component parameters (AddParameter): Name = "Component"; Value = "Capacitor"; VariantName = "[No Variations]"
Change component parameters (AddParameter): Name = "LCSC Part"; Value = "C91185"; VariantName = "[No Variations]"
Change component parameters (AddParameter): Name = "Manufacturer Part Number"; Value = "CC0805KKX7R9BB105"; VariantName = "[No Variations]"
Change component parameters (AddParameter): Name = "Marking"; Value = "105"; VariantName = "[No Variations]"
Change component parameters (AddParameter): Name = "Package"; Value = "0805"; VariantName = "[No Variations]"
