Removed Pin From Net: NetName=GND Pin=C1-1
Removed Pin From Net: NetName=+5V Pin=C1-2
Removed Pin From Net: NetName=GND Pin=C2-1
Removed Pin From Net: NetName=AI_1_OUT Pin=C2-2
Removed Pin From Net: NetName=GND Pin=R1-2
Removed Pin From Net: NetName=GND Pin=R5-1
Removed Pin From Net: NetName=AI_1_OUT Pin=TP2-1
Removed Pin From Net: NetName=GND Pin=U1-4
Removed Pin From Net: NetName=AI_1_OUT Pin=U1-6
Removed Pin From Net: NetName=AI_1_OUT Pin=U1-7
Removed Pin From Net: NetName=+5V Pin=U1-8
Removed Member From Class: ClassName=Sheet2 Member=C1
Removed Member From Class: ClassName=Sheet2 Member=C2
Removed Member From Class: ClassName=Sheet2 Member=F1
Removed Member From Class: ClassName=Sheet2 Member=R1
Removed Member From Class: ClassName=Sheet2 Member=R2
Removed Member From Class: ClassName=Sheet2 Member=R3
Removed Member From Class: ClassName=Sheet2 Member=R4
Removed Member From Class: ClassName=Sheet2 Member=R5
Removed Member From Class: ClassName=Sheet2 Member=R6
Removed Member From Class: ClassName=Sheet2 Member=TP1
Removed Member From Class: ClassName=Sheet2 Member=TP2
Removed Member From Class: ClassName=Sheet2 Member=TP3
Removed Member From Class: ClassName=Sheet2 Member=U1
Added Pin To Net: NetName=NetF2_1 Pin=F2-1
Added Pin To Net: NetName=NetF2_1 Pin=J3-3
Added Net: Name=NetF2_1
