Added Component: Designator=C17(CAP_0603)
Add component (AddParameter): Name = "Brand"; Value = "YAGEO"; VariantName = "[No Variations]"
Add component (AddParameter): Name = "Component"; Value = "Capacitor"; VariantName = "[No Variations]"
Add component (AddParameter): Name = "LCSC Part"; Value = "C14663"; VariantName = "[No Variations]"
Add component (AddParameter): Name = "Manufacturer Part Number"; Value = "CC0603KRX7R9BB104"; VariantName = "[No Variations]"
Add component (AddParameter): Name = "Marking"; Value = "104"; VariantName = "[No Variations]"
Add component (AddParameter): Name = "Package"; Value = "0603"; VariantName = "[No Variations]"
Add component (AddParameter): Name = "Supplier"; Value = "ELEMENT 14"; VariantName = "[No Variations]"
Added Component: Designator=C18(CAP_1206)
Add component (AddParameter): Name = "Brand"; Value = "YAGEO"; VariantName = "[No Variations]"
Add component (AddParameter): Name = "Component"; Value = "Capacitor"; VariantName = "[No Variations]"
Add component (AddParameter): Name = "LCSC Part"; Value = "C107185"; VariantName = "[No Variations]"
Add component (AddParameter): Name = "Manufacturer Part Number"; Value = "CC1206KKX7R9BB105"; VariantName = "[No Variations]"
Add component (AddParameter): Name = "Marking"; Value = "105"; VariantName = "[No Variations]"
Add component (AddParameter): Name = "Package"; Value = "1206"; VariantName = "[No Variations]"
Added Component: Designator=C19(CAP_ELE_AL_6.3X7.7)
Add component (AddParameter): Name = "Brand"; Value = "MULTICOMP PRO"; VariantName = "[No Variations]"
Add component (AddParameter): Name = "Component"; Value = "Capacitor"; VariantName = "[No Variations]"
Add component (AddParameter): Name = "Manufacturer Part Number"; Value = "MCVVT035M101EA6L"; VariantName = "[No Variations]"
Add component (AddParameter): Name = "Marking"; Value = ""; VariantName = "[No Variations]"
Add component (AddParameter): Name = "Package"; Value = "6.3X7.7mm"; VariantName = "[No Variations]"
Add component (AddParameter): Name = "Supplier"; Value = "Element 14"; VariantName = "[No Variations]"
Added Component: Designator=C20(CAP_0805)
Add component (AddParameter): Name = "Brand"; Value = "YAGEO"; VariantName = "[No Variations]"
Add component (AddParameter): Name = "Component"; Value = "Capacitor"; VariantName = "[No Variations]"
Add component (AddParameter): Name = "LCSC Part"; Value = "C440198"; VariantName = "[No Variations]"
Add component (AddParameter): Name = "Manufacturer Part Number"; Value = "CC0805KKX5R9BB106"; VariantName = "[No Variations]"
Add component (AddParameter): Name = "Marking"; Value = "106"; VariantName = "[No Variations]"
Add component (AddParameter): Name = "Package"; Value = "0805"; VariantName = "[No Variations]"
Add component (AddParameter): Name = "Supplier"; Value = "DIGI-KEY"; VariantName = "[No Variations]"
Added Component: Designator=C21(CAP_ELE_AL_6.3X7.7)
Add component (AddParameter): Name = "Brand"; Value = "MULTICOMP PRO"; VariantName = "[No Variations]"
Add component (AddParameter): Name = "Component"; Value = "Capacitor"; VariantName = "[No Variations]"
Add component (AddParameter): Name = "Manufacturer Part Number"; Value = "MCVVT035M101EA6L"; VariantName = "[No Variations]"
Add component (AddParameter): Name = "Marking"; Value = ""; VariantName = "[No Variations]"
Add component (AddParameter): Name = "Package"; Value = "6.3X7.7mm"; VariantName = "[No Variations]"
Add component (AddParameter): Name = "Supplier"; Value = "Element 14"; VariantName = "[No Variations]"
Added Component: Designator=C22(CAP_0805)
Add component (AddParameter): Name = "Brand"; Value = "YAGEO"; VariantName = "[No Variations]"
Add component (AddParameter): Name = "Component"; Value = "Capacitor"; VariantName = "[No Variations]"
Add component (AddParameter): Name = "LCSC Part"; Value = "C440198"; VariantName = "[No Variations]"
Add component (AddParameter): Name = "Manufacturer Part Number"; Value = "CC0805KKX5R9BB106"; VariantName = "[No Variations]"
Add component (AddParameter): Name = "Marking"; Value = "106"; VariantName = "[No Variations]"
Add component (AddParameter): Name = "Package"; Value = "0805"; VariantName = "[No Variations]"
Add component (AddParameter): Name = "Supplier"; Value = "DIGI-KEY"; VariantName = "[No Variations]"
Added Component: Designator=C23(CAP_1206)
Add component (AddParameter): Name = "Brand"; Value = "YAGEO"; VariantName = "[No Variations]"
Add component (AddParameter): Name = "Component"; Value = "Capacitor"; VariantName = "[No Variations]"
Add component (AddParameter): Name = "LCSC Part"; Value = "C107185"; VariantName = "[No Variations]"
Add component (AddParameter): Name = "Manufacturer Part Number"; Value = "CC1206KKX7R9BB105"; VariantName = "[No Variations]"
Add component (AddParameter): Name = "Marking"; Value = "105"; VariantName = "[No Variations]"
Add component (AddParameter): Name = "Package"; Value = "1206"; VariantName = "[No Variations]"
Added Component: Designator=C24(CAP_0603)
Add component (AddParameter): Name = "Brand"; Value = "YAGEO"; VariantName = "[No Variations]"
Add component (AddParameter): Name = "Component"; Value = "Capacitor"; VariantName = "[No Variations]"
Add component (AddParameter): Name = "LCSC Part"; Value = "C14663"; VariantName = "[No Variations]"
Add component (AddParameter): Name = "Manufacturer Part Number"; Value = "CC0603KRX7R9BB104"; VariantName = "[No Variations]"
Add component (AddParameter): Name = "Marking"; Value = "104"; VariantName = "[No Variations]"
Add component (AddParameter): Name = "Package"; Value = "0603"; VariantName = "[No Variations]"
Add component (AddParameter): Name = "Supplier"; Value = "ELEMENT 14"; VariantName = "[No Variations]"
Added Component: Designator=C25(CAP_0603)
Add component (AddParameter): Name = "Brand"; Value = "YAGEO"; VariantName = "[No Variations]"
Add component (AddParameter): Name = "Component"; Value = "Capacitor"; VariantName = "[No Variations]"
Add component (AddParameter): Name = "Manufacturer Part Number"; Value = "CC0603KRNPO9BN100"; VariantName = "[No Variations]"
Add component (AddParameter): Name = "Marking"; Value = "100"; VariantName = "[No Variations]"
Add component (AddParameter): Name = "Package"; Value = "0603"; VariantName = "[No Variations]"
Add component (AddParameter): Name = "Supplier"; Value = "ELEMENT 14"; VariantName = "[No Variations]"
Added Component: Designator=C26(CAP_0603)
Add component (AddParameter): Name = "Brand"; Value = "YAGEO"; VariantName = "[No Variations]"
Add component (AddParameter): Name = "Component"; Value = "Capacitor"; VariantName = "[No Variations]"
Add component (AddParameter): Name = "Manufacturer Part Number"; Value = "CC0603KRX7R9BB102"; VariantName = "[No Variations]"
Add component (AddParameter): Name = "Marking"; Value = "ELEMENT 14"; VariantName = "[No Variations]"
Add component (AddParameter): Name = "Package"; Value = "0603"; VariantName = "[No Variations]"
Add component (AddParameter): Name = "Supplier"; Value = "102"; VariantName = "[No Variations]"
Added Component: Designator=C27(CAP_0603)
Add component (AddParameter): Name = "Brand"; Value = "YAGEO"; VariantName = "[No Variations]"
Add component (AddParameter): Name = "Component"; Value = "Capacitor"; VariantName = "[No Variations]"
Add component (AddParameter): Name = "Manufacturer Part Number"; Value = "CC0603KRX7R9BB822"; VariantName = "[No Variations]"
Add component (AddParameter): Name = "Marking"; Value = "822"; VariantName = "[No Variations]"
Add component (AddParameter): Name = "Package"; Value = "0805"; VariantName = "[No Variations]"
Add component (AddParameter): Name = "Supplier"; Value = "ELEMENT 14"; VariantName = "[No Variations]"
Added Component: Designator=D4(DIODE_SMC_DO-214AB)
Add component (AddParameter): Name = "Brand"; Value = "Littelfuse Inc."; VariantName = "[No Variations]"
Add component (AddParameter): Name = "LCSC Part"; Value = "C224049"; VariantName = "[No Variations]"
Add component (AddParameter): Name = "Manufacturer Part Number"; Value = "SMCJ33A"; VariantName = "[No Variations]"
Add component (AddParameter): Name = "Marking"; Value = ""; VariantName = "[No Variations]"
Add component (AddParameter): Name = "Package"; Value = "DO-214AB, SMC"; VariantName = "[No Variations]"
Added Component: Designator=D5(Diode_SMA_DO-214AC)
Add component (AddParameter): Name = "Brand"; Value = "Comchip Technology"; VariantName = "[No Variations]"
Add component (AddParameter): Name = "Manufacturer Part Number"; Value = "SS34-HF"; VariantName = "[No Variations]"
Add component (AddParameter): Name = "Package"; Value = "DO-214AC (SMA)"; VariantName = "[No Variations]"
Added Component: Designator=DS4(LED_0603)
Add component (AddParameter): Name = "Brand"; Value = "Everlight Elec"; VariantName = "[No Variations]"
Add component (AddParameter): Name = "LCSC Part"; Value = "C72044"; VariantName = "[No Variations]"
Add component (AddParameter): Name = "Manufacturer Part Number"; Value = "19-217/R6C-AL1M2VY/3T"; VariantName = "[No Variations]"
Add component (AddParameter): Name = "Package"; Value = "0603"; VariantName = "[No Variations]"
Added Component: Designator=DS5(LED_0603)
Add component (AddParameter): Name = "Brand"; Value = "Everlight Elec"; VariantName = "[No Variations]"
Add component (AddParameter): Name = "LCSC Part"; Value = "C72044"; VariantName = "[No Variations]"
Add component (AddParameter): Name = "Manufacturer Part Number"; Value = "19-217/R6C-AL1M2VY/3T"; VariantName = "[No Variations]"
Add component (AddParameter): Name = "Package"; Value = "0603"; VariantName = "[No Variations]"
Added Component: Designator=FB3(IND_0805)
Add component (AddParameter): Name = "Brand"; Value = "Wurth Elektronik"; VariantName = "[No Variations]"
Add component (AddParameter): Name = "Component"; Value = "Indutor"; VariantName = "[No Variations]"
Add component (AddParameter): Name = "Manufacturer Part Number"; Value = "742792011"; VariantName = "[No Variations]"
Add component (AddParameter): Name = "Package"; Value = "0805"; VariantName = "[No Variations]"
Add component (AddParameter): Name = "Supplier"; Value = "Mouser Electronics"; VariantName = "[No Variations]"
Added Component: Designator=L2(IND_SMD_7X7X5)
Add component (AddParameter): Name = "Brand"; Value = "Sumida America Components Inc."; VariantName = "[No Variations]"
Add component (AddParameter): Name = "Component"; Value = "Inductor"; VariantName = "[No Variations]"
Add component (AddParameter): Name = "LCSC Part"; Value = "C2454030"; VariantName = "[No Variations]"
Add component (AddParameter): Name = "Manufacturer Part Number"; Value = "CD75NP-100KC"; VariantName = "[No Variations]"
Add component (AddParameter): Name = "Marking"; Value = ""; VariantName = "[No Variations]"
Add component (AddParameter): Name = "Package"; Value = "0.307" L x 0.276" W (7.80mm x 7.00mm)"; VariantName = "[No Variations]"
Added Component: Designator=R32(RES_0603)
Add component (AddParameter): Name = "Brand"; Value = "YAGEO"; VariantName = "[No Variations]"
Add component (AddParameter): Name = "Component"; Value = "Resistor"; VariantName = "[No Variations]"
Add component (AddParameter): Name = "LCSC Part"; Value = "C98220"; VariantName = "[No Variations]"
Add component (AddParameter): Name = "Manufacturer Part Number"; Value = "RC0603FR-0710KL"; VariantName = "[No Variations]"
Add component (AddParameter): Name = "Marking"; Value = "1002"; VariantName = "[No Variations]"
Add component (AddParameter): Name = "Package"; Value = "0603"; VariantName = "[No Variations]"
Add component (AddParameter): Name = "Supplier"; Value = "ELEMENT 14"; VariantName = "[No Variations]"
Added Component: Designator=R33(RES_0603)
Add component (AddParameter): Name = "Brand"; Value = "YAGEO"; VariantName = "[No Variations]"
Add component (AddParameter): Name = "Component"; Value = "Resistor"; VariantName = "[No Variations]"
Add component (AddParameter): Name = "Manufacturer Part Number"; Value = "RC0603FR-07150KL"; VariantName = "[No Variations]"
Add component (AddParameter): Name = "Marking"; Value = "1503"; VariantName = "[No Variations]"
Add component (AddParameter): Name = "Package"; Value = "0603"; VariantName = "[No Variations]"
Add component (AddParameter): Name = "Supplier"; Value = "ELEMENT 14"; VariantName = "[No Variations]"
Added Component: Designator=R34(RES_0603)
Add component (AddParameter): Name = "Brand"; Value = "YAGEO"; VariantName = "[No Variations]"
Add component (AddParameter): Name = "Component"; Value = "Resistor"; VariantName = "[No Variations]"
Add component (AddParameter): Name = "Manufacturer Part Number"; Value = "RC0603FR-072K7L"; VariantName = "[No Variations]"
Add component (AddParameter): Name = "Marking"; Value = "2701"; VariantName = "[No Variations]"
Add component (AddParameter): Name = "Package"; Value = "0603"; VariantName = "[No Variations]"
Add component (AddParameter): Name = "Supplier"; Value = "ELEMENT 14"; VariantName = "[No Variations]"
Added Component: Designator=R35(RES_0603)
Add component (AddParameter): Name = "Brand"; Value = "YAGEO"; VariantName = "[No Variations]"
Add component (AddParameter): Name = "Component"; Value = "Resistor"; VariantName = "[No Variations]"
Add component (AddParameter): Name = "LCSC Part"; Value = "C98220"; VariantName = "[No Variations]"
Add component (AddParameter): Name = "Manufacturer Part Number"; Value = "RC0603FR-0710KL"; VariantName = "[No Variations]"
Add component (AddParameter): Name = "Marking"; Value = "1002"; VariantName = "[No Variations]"
Add component (AddParameter): Name = "Package"; Value = "0603"; VariantName = "[No Variations]"
Add component (AddParameter): Name = "Supplier"; Value = "ELEMENT 14"; VariantName = "[No Variations]"
Added Component: Designator=R36(RES_0603)
Add component (AddParameter): Name = "Brand"; Value = "YAGEO"; VariantName = "[No Variations]"
Add component (AddParameter): Name = "Component"; Value = "Resistor"; VariantName = "[No Variations]"
Add component (AddParameter): Name = "Manufacturer Part Number"; Value = "RC0603FR-0714KL"; VariantName = "[No Variations]"
Add component (AddParameter): Name = "Package"; Value = "0603"; VariantName = "[No Variations]"
Added Component: Designator=R37(RES_0603)
Add component (AddParameter): Name = "Brand"; Value = "YAGEO"; VariantName = "[No Variations]"
Add component (AddParameter): Name = "Component"; Value = "Resistor"; VariantName = "[No Variations]"
Add component (AddParameter): Name = "Manufacturer Part Number"; Value = "RC0603FR-072K7L"; VariantName = "[No Variations]"
Add component (AddParameter): Name = "Marking"; Value = "2701"; VariantName = "[No Variations]"
Add component (AddParameter): Name = "Package"; Value = "0603"; VariantName = "[No Variations]"
Add component (AddParameter): Name = "Supplier"; Value = "ELEMENT 14"; VariantName = "[No Variations]"
Added Component: Designator=R38(RES_0603)
Add component (AddParameter): Name = "Brand"; Value = "YAGEO"; VariantName = "[No Variations]"
Add component (AddParameter): Name = "Component"; Value = "Resistor"; VariantName = "[No Variations]"
Add component (AddParameter): Name = "Manufacturer Part Number"; Value = "RC0603FR-0730KL"; VariantName = "[No Variations]"
Add component (AddParameter): Name = "Marking"; Value = "3002"; VariantName = "[No Variations]"
Add component (AddParameter): Name = "Package"; Value = "0603"; VariantName = "[No Variations]"
Add component (AddParameter): Name = "Supplier"; Value = "ELEMENT 14"; VariantName = "[No Variations]"
Added Component: Designator=TP13(TEST_POINT_SMD)
Added Component: Designator=TP14(TEST_POINT_SMD)
Added Component: Designator=TP15(TEST_POINT_SMD)
Added Component: Designator=U7(SOP127P600X175-9N)
Add component (AddParameter): Name = "Brand"; Value = "TEXAS INSTRUMENTS"; VariantName = "[No Variations]"
Add component (AddParameter): Name = "Manufacturer Part Number"; Value = "TPS54360DDAR"; VariantName = "[No Variations]"
Add component (AddParameter): Name = "Package"; Value = "8-SO PowerPad"; VariantName = "[No Variations]"
Add component (AddParameter): Name = "Stock"; Value = ""; VariantName = "[No Variations]"
Add component (AddParameter): Name = "Website"; Value = "https://www.ti.com/lit/ds/symlink/tps54360.pdf?ts=1703662766312&ref_url=https%253A%252F%252Fwww.ti.com%252Fproduct%252FTPS54360"; VariantName = "[No Variations]"
Added Pin To Net: NetName=+24V Pin=C18-1
Added Pin To Net: NetName=GND Pin=C19-1
Added Pin To Net: NetName=+24V Pin=C19-2
Added Pin To Net: NetName=GND Pin=C20-1
Added Pin To Net: NetName=+24V Pin=C20-2
Added Pin To Net: NetName=GND Pin=C21-1
Added Pin To Net: NetName=GND Pin=C22-1
Added Pin To Net: NetName=GND Pin=C23-1
Added Pin To Net: NetName=GND Pin=C24-1
Added Pin To Net: NetName=GND Pin=C25-1
Added Pin To Net: NetName=GND Pin=C27-1
Added Pin To Net: NetName=+24V Pin=D4-A
Added Pin To Net: NetName=GND Pin=D4-C
Added Pin To Net: NetName=GND Pin=D5-A
Added Pin To Net: NetName=GND Pin=DS4-C
Added Pin To Net: NetName=GND Pin=DS5-C
Added Pin To Net: NetName=+5V Pin=FB3-2
Added Pin To Net: NetName=+24V Pin=R32-1
Added Pin To Net: NetName=+24V Pin=R33-2
Added Pin To Net: NetName=+5V Pin=R34-2
Added Pin To Net: NetName=GND Pin=R35-1
Added Pin To Net: NetName=GND Pin=R37-1
Added Pin To Net: NetName=GND Pin=R38-1
Added Pin To Net: NetName=+24V Pin=TP13-1
Added Pin To Net: NetName=GND Pin=TP15-1
Added Pin To Net: NetName=+24V Pin=U7-2
Added Pin To Net: NetName=GND Pin=U7-7
Added Pin To Net: NetName=GND Pin=U7-9
Added Pin To Net: NetName=NetC17_1 Pin=C17-1
Added Pin To Net: NetName=NetC17_1 Pin=U7-1
Added Net: Name=NetC17_1
Added Pin To Net: NetName=NetC17_2 Pin=C17-2
Added Pin To Net: NetName=NetC17_2 Pin=D5-C
Added Pin To Net: NetName=NetC17_2 Pin=L2-1
Added Pin To Net: NetName=NetC17_2 Pin=U7-8
Added Net: Name=NetC17_2
Added Pin To Net: NetName=NetC18_2 Pin=C18-2
Added Pin To Net: NetName=NetC18_2 Pin=C23-2
Added Net: Name=NetC18_2
Added Pin To Net: NetName=NetC21_2 Pin=C21-2
Added Pin To Net: NetName=NetC21_2 Pin=C22-2
Added Pin To Net: NetName=NetC21_2 Pin=C24-2
Added Pin To Net: NetName=NetC21_2 Pin=FB3-1
Added Pin To Net: NetName=NetC21_2 Pin=L2-2
Added Pin To Net: NetName=NetC21_2 Pin=R36-2
Added Pin To Net: NetName=NetC21_2 Pin=TP14-1
Added Net: Name=NetC21_2
Added Pin To Net: NetName=NetC25_2 Pin=C25-2
Added Pin To Net: NetName=NetC25_2 Pin=C26-2
Added Pin To Net: NetName=NetC25_2 Pin=U7-6
Added Net: Name=NetC25_2
Added Pin To Net: NetName=NetC26_1 Pin=C26-1
Added Pin To Net: NetName=NetC26_1 Pin=R38-2
Added Net: Name=NetC26_1
Added Pin To Net: NetName=NetC27_2 Pin=C27-2
Added Pin To Net: NetName=NetC27_2 Pin=U7-4
Added Net: Name=NetC27_2
Added Pin To Net: NetName=NetDS4_A Pin=DS4-A
Added Pin To Net: NetName=NetDS4_A Pin=R32-2
Added Net: Name=NetDS4_A
Added Pin To Net: NetName=NetDS5_A Pin=DS5-A
Added Pin To Net: NetName=NetDS5_A Pin=R34-1
Added Net: Name=NetDS5_A
Added Pin To Net: NetName=NetR33_1 Pin=R33-1
Added Pin To Net: NetName=NetR33_1 Pin=R35-2
Added Pin To Net: NetName=NetR33_1 Pin=U7-3
Added Net: Name=NetR33_1
Added Pin To Net: NetName=NetR36_1 Pin=R36-1
Added Pin To Net: NetName=NetR36_1 Pin=R37-2
Added Pin To Net: NetName=NetR36_1 Pin=U7-5
Added Net: Name=NetR36_1
Added Member To Class: ClassName=Sheet2 Member=Component C17 100nF
Added Member To Class: ClassName=Sheet2 Member=Component C18 1uF
Added Member To Class: ClassName=Sheet2 Member=Component C19 100uF 35V
Added Member To Class: ClassName=Sheet2 Member=Component C20 10uF
Added Member To Class: ClassName=Sheet2 Member=Component C21 100uF 35V
Added Member To Class: ClassName=Sheet2 Member=Component C22 10uF
Added Member To Class: ClassName=Sheet2 Member=Component C23 1uF
Added Member To Class: ClassName=Sheet2 Member=Component C24 100nF
Added Member To Class: ClassName=Sheet2 Member=Component C25 10pF 50V
Added Member To Class: ClassName=Sheet2 Member=Component C26 1nF 50V
Added Member To Class: ClassName=Sheet2 Member=Component C27 8.2nF 50V
Added Member To Class: ClassName=Sheet2 Member=Component D4 33 V
Added Member To Class: ClassName=Sheet2 Member=Component D5 SS34-HF
Added Member To Class: ClassName=Sheet2 Member=Component DS4 RED
Added Member To Class: ClassName=Sheet2 Member=Component DS5 RED
Added Member To Class: ClassName=Sheet2 Member=Component FB3 10 ohm,3A
Added Member To Class: ClassName=Sheet2 Member=Component L2 10uH 2.3A
Added Member To Class: ClassName=Sheet2 Member=Component R32 10K
Added Member To Class: ClassName=Sheet2 Member=Component R33 150K
Added Member To Class: ClassName=Sheet2 Member=Component R34 2.7K
Added Member To Class: ClassName=Sheet2 Member=Component R35 10K
Added Member To Class: ClassName=Sheet2 Member=Component R36 14K
Added Member To Class: ClassName=Sheet2 Member=Component R37 2.7K
Added Member To Class: ClassName=Sheet2 Member=Component R38 30K
Added Member To Class: ClassName=Sheet2 Member=Component TP13 TP
Added Member To Class: ClassName=Sheet2 Member=Component TP14 TP
Added Member To Class: ClassName=Sheet2 Member=Component TP15 TP
Added Member To Class: ClassName=Sheet2 Member=Component U7 TPS54360DDAR
