Removed Member From Class: ClassName=Sheet2 Member=C19
Removed Member From Class: ClassName=Sheet2 Member=C26
Removed Member From Class: ClassName=Sheet2 Member=C27
Removed Member From Class: ClassName=Sheet2 Member=D7
Removed Member From Class: ClassName=Sheet1 Member=R25
Removed Member From Class: ClassName=Sheet2 Member=R38
Removed Member From Class: ClassName=Sheet1 Member=R39
Removed Member From Class: ClassName=Sheet1 Member=R40
Removed Member From Class: ClassName=Sheet1 Member=TP16
Removed Member From Class: ClassName=Sheet1 Member=U6
Removed Member From Class: ClassName=Sheet2 Member=U8
Removed Member From Class: ClassName=Sheet1 Member=U9
Change Component Designator: OldDesignator=C1 NewDesignator=C21
Change Component Designator: OldDesignator=C3 NewDesignator=C15
Change Component Designator: OldDesignator=C4 NewDesignator=C23
Change Component Designator: OldDesignator=C5 NewDesignator=C24
Change Component Designator: OldDesignator=C6 NewDesignator=C26
Change Component Designator: OldDesignator=C7 NewDesignator=C27
Change Component Designator: OldDesignator=C8 NewDesignator=C28
Change Component Designator: OldDesignator=C9 NewDesignator=C29
Change Component Designator: OldDesignator=C10 NewDesignator=C14
Change Component Designator: OldDesignator=C11 NewDesignator=C16
Change Component Designator: OldDesignator=C12 NewDesignator=C17
Change Component Designator: OldDesignator=C13 NewDesignator=C18
Change Component Designator: OldDesignator=C14 NewDesignator=C19
Change Component Designator: OldDesignator=C15 NewDesignator=C20
Change Component Designator: OldDesignator=C16 NewDesignator=C22
Change Component Designator: OldDesignator=C17 NewDesignator=C1
Change Component Designator: OldDesignator=C18 NewDesignator=C2
Change Component Designator: OldDesignator=C19 NewDesignator=C3
Change Component Designator: OldDesignator=C20 NewDesignator=C4
Change Component Designator: OldDesignator=C21 NewDesignator=C5
Change Component Designator: OldDesignator=C22 NewDesignator=C6
Change Component Designator: OldDesignator=C23 NewDesignator=C7
Change Component Designator: OldDesignator=C24 NewDesignator=C8
Change Component Designator: OldDesignator=C25 NewDesignator=C9
Change Component Designator: OldDesignator=C26 NewDesignator=C10
Change Component Designator: OldDesignator=C27 NewDesignator=C11
Change Component Designator: OldDesignator=C28 NewDesignator=C12
Change Component Designator: OldDesignator=C29 NewDesignator=C13
Change Component Designator: OldDesignator=C30 NewDesignator=C25
Change Component Designator: OldDesignator=D1 NewDesignator=D4
Change Component Designator: OldDesignator=D2 NewDesignator=D5
Change Component Designator: OldDesignator=D3 NewDesignator=D7
Change Component Designator: OldDesignator=D4 NewDesignator=D2
Change Component Designator: OldDesignator=D5 NewDesignator=D3
Change Component Designator: OldDesignator=D7 NewDesignator=D1
Change Component Designator: OldDesignator=DS1 NewDesignator=DS4
Change Component Designator: OldDesignator=DS2 NewDesignator=DS5
Change Component Designator: OldDesignator=DS4 NewDesignator=DS1
Change Component Designator: OldDesignator=DS5 NewDesignator=DS2
Change Component Designator: OldDesignator=F2 NewDesignator=F1
Change Component Designator: OldDesignator=F3 NewDesignator=F2
Change Component Designator: OldDesignator=FB1 NewDesignator=FB3
Change Component Designator: OldDesignator=FB3 NewDesignator=FB1
Change Component Designator: OldDesignator=J1 NewDesignator=J2
Change Component Designator: OldDesignator=J2 NewDesignator=J1
Change Component Designator: OldDesignator=L1 NewDesignator=L2
Change Component Designator: OldDesignator=L2 NewDesignator=L1
Change Component Designator: OldDesignator=R7 NewDesignator=R8
Change Component Designator: OldDesignator=R8 NewDesignator=R9
Change Component Designator: OldDesignator=R9 NewDesignator=R10
Change Component Designator: OldDesignator=R10 NewDesignator=R11
Change Component Designator: OldDesignator=R11 NewDesignator=R12
Change Component Designator: OldDesignator=R12 NewDesignator=R13
Change Component Designator: OldDesignator=R13 NewDesignator=R14
Change Component Designator: OldDesignator=R14 NewDesignator=R15
Change Component Designator: OldDesignator=R15 NewDesignator=R16
Change Component Designator: OldDesignator=R16 NewDesignator=R17
Change Component Designator: OldDesignator=R17 NewDesignator=R25
Change Component Designator: OldDesignator=R18 NewDesignator=R27
Change Component Designator: OldDesignator=R19 NewDesignator=R32
Change Component Designator: OldDesignator=R20 NewDesignator=R31
Change Component Designator: OldDesignator=R21 NewDesignator=R33
Change Component Designator: OldDesignator=R22 NewDesignator=R34
Change Component Designator: OldDesignator=R23 NewDesignator=R19
Change Component Designator: OldDesignator=R24 NewDesignator=R20
Change Component Designator: OldDesignator=R25 NewDesignator=R21
Change Component Designator: OldDesignator=R26 NewDesignator=R18
Change Component Designator: OldDesignator=R27 NewDesignator=R22
Change Component Designator: OldDesignator=R28 NewDesignator=R23
Change Component Designator: OldDesignator=R29 NewDesignator=R24
Change Component Designator: OldDesignator=R30 NewDesignator=R26
Change Component Designator: OldDesignator=R31 NewDesignator=R28
Change Component Designator: OldDesignator=R32 NewDesignator=R1
Change Component Designator: OldDesignator=R33 NewDesignator=R2
Change Component Designator: OldDesignator=R34 NewDesignator=R3
Change Component Designator: OldDesignator=R35 NewDesignator=R4
Change Component Designator: OldDesignator=R36 NewDesignator=R5
Change Component Designator: OldDesignator=R37 NewDesignator=R6
Change Component Designator: OldDesignator=R38 NewDesignator=R7
Change Component Designator: OldDesignator=R39 NewDesignator=R29
Change Component Designator: OldDesignator=R40 NewDesignator=R30
Change Component Designator: OldDesignator=TP9 NewDesignator=TP12
Change Component Designator: OldDesignator=TP10 NewDesignator=TP13
Change Component Designator: OldDesignator=TP11 NewDesignator=TP9
Change Component Designator: OldDesignator=TP12 NewDesignator=TP10
Change Component Designator: OldDesignator=TP13 NewDesignator=TP1
Change Component Designator: OldDesignator=TP14 NewDesignator=TP2
Change Component Designator: OldDesignator=TP15 NewDesignator=TP3
Change Component Designator: OldDesignator=TP16 NewDesignator=TP11
Change Component Designator: OldDesignator=U2 NewDesignator=U3
Change Component Designator: OldDesignator=U3 NewDesignator=U6
Change Component Designator: OldDesignator=U4 NewDesignator=U7
Change Component Designator: OldDesignator=U5 NewDesignator=U8
Change Component Designator: OldDesignator=U6 NewDesignator=U4
Change Component Designator: OldDesignator=U7 NewDesignator=U1
Change Component Designator: OldDesignator=U8 NewDesignator=U2
Change Component Designator: OldDesignator=U9 NewDesignator=U5
Change Net Name : Old Net Name=NetC8_1 New Net Name=NetC28_1
Change Net Name : Old Net Name=NetC9_2 New Net Name=NetC29_2
Change Net Name : Old Net Name=NetC10_1 New Net Name=NetC14_1
Change Net Name : Old Net Name=NetC17_1 New Net Name=NetC1_1
Change Net Name : Old Net Name=NetC17_2 New Net Name=NetC1_2
Change Net Name : Old Net Name=NetC18_2 New Net Name=NetC2_2
Change Net Name : Old Net Name=NetC21_2 New Net Name=NetC5_2
Change Net Name : Old Net Name=NetC25_2 New Net Name=NetC9_2
Change Net Name : Old Net Name=NetC26_1 New Net Name=NetC10_1
Change Net Name : Old Net Name=NetC27_2 New Net Name=NetC11_2
Change Net Name : Old Net Name=NetD3_C New Net Name=NetD7_C
Change Net Name : Old Net Name=NetDS1_C New Net Name=NetDS4_C
Change Net Name : Old Net Name=NetDS2_C New Net Name=NetDS5_C
Change Net Name : Old Net Name=NetDS4_A New Net Name=NetDS1_A
Change Net Name : Old Net Name=NetDS5_A New Net Name=NetDS2_A
Change Net Name : Old Net Name=NetF2_1 New Net Name=NetF1_1
Change Net Name : Old Net Name=NetF2_2 New Net Name=NetF1_2
Change Net Name : Old Net Name=NetF3_2 New Net Name=NetF2_2
Change Net Name : Old Net Name=NetL1_1 New Net Name=NetL2_1
Change Net Name : Old Net Name=NetL1_2 New Net Name=NetL2_2
Change Net Name : Old Net Name=NetL1_3 New Net Name=NetL2_3
Change Net Name : Old Net Name=NetL1_4 New Net Name=NetL2_4
Change Net Name : Old Net Name=NetR8_1 New Net Name=NetR9_1
Change Net Name : Old Net Name=NetR10_1 New Net Name=NetR11_1
Change Net Name : Old Net Name=NetR12_1 New Net Name=NetR13_1
Change Net Name : Old Net Name=NetR12_2 New Net Name=NetR13_2
Change Net Name : Old Net Name=NetR14_1 New Net Name=NetR15_1
Change Net Name : Old Net Name=NetR14_2 New Net Name=NetR15_2
Change Net Name : Old Net Name=NetR17_1 New Net Name=NetR25_1
Change Net Name : Old Net Name=NetR18_1 New Net Name=NetR27_1
Change Net Name : Old Net Name=NetR18_2 New Net Name=NetR27_2
Change Net Name : Old Net Name=NetR18_3 New Net Name=NetR27_3
Change Net Name : Old Net Name=NetR18_4 New Net Name=NetR27_4
Change Net Name : Old Net Name=NetR18_6 New Net Name=NetR27_6
Change Net Name : Old Net Name=NetR18_7 New Net Name=NetR27_7
Change Net Name : Old Net Name=NetR18_8 New Net Name=NetR27_8
Change Net Name : Old Net Name=NetR19_2 New Net Name=NetR31_2
Change Net Name : Old Net Name=NetR21_1 New Net Name=NetR33_1
Change Net Name : Old Net Name=NetR23_2 New Net Name=NetR19_2
Change Net Name : Old Net Name=NetR24_2 New Net Name=NetR20_2
Change Net Name : Old Net Name=NetR25_2 New Net Name=NetR21_2
Change Net Name : Old Net Name=NetR27_2 New Net Name=NetR22_2
Change Net Name : Old Net Name=NetR28_1 New Net Name=NetR23_1
Change Net Name : Old Net Name=NetR30_1 New Net Name=NetR26_1
Change Net Name : Old Net Name=NetR31_2 New Net Name=NetR28_2
Change Net Name : Old Net Name=NetR33_1 New Net Name=NetR2_1
Change Net Name : Old Net Name=NetR36_1 New Net Name=NetR5_1
Change Net Name : Old Net Name=NetR40_2 New Net Name=NetR30_2
Change Net Name : Old Net Name=NetU3_11 New Net Name=NetU6_11
Change Net Name : Old Net Name=NetU3_12 New Net Name=NetU6_12
Change Net Name : Old Net Name=NetU3_13 New Net Name=NetU6_13
Change Net Name : Old Net Name=NetU3_14 New Net Name=NetU6_14
Change Net Name : Old Net Name=NetU6_23 New Net Name=NetU4_23
Change Net Name : Old Net Name=NetU6_24 New Net Name=NetU4_24
Added Member To Class: ClassName=Sheet2 Member=Component C14 1uF
Added Member To Class: ClassName=Sheet2 Member=Component C15 100nF
Added Member To Class: ClassName=Sheet2 Member=Component C16 1uF
Added Member To Class: ClassName=Sheet2 Member=Component D5 SMAJ12CAHM3_A/H
Added Member To Class: ClassName=Sheet2 Member=Component R17 4.7K
Added Member To Class: ClassName=Sheet1 Member=Component R32 2.4K-0.1%
Added Member To Class: ClassName=Sheet1 Member=Component R33 12K
Added Member To Class: ClassName=Sheet1 Member=Component R34 250R-0.1%
Added Member To Class: ClassName=Sheet1 Member=Component TP13 TEST_POINT_SMD
Added Member To Class: ClassName=Sheet2 Member=Component U3 MAX485ESA+T
Added Member To Class: ClassName=Sheet1 Member=Component U7 XTR116UA
Added Member To Class: ClassName=Sheet1 Member=Component U8 MAX5216BGUA
PCB-ECO: Change Pad Pin/Pkg Length: Old=2.54mm New=0mm
PCB-ECO: Change Pad Pin/Pkg Length: Old=2.54mm New=0mm
PCB-ECO: Change Pad Pin/Pkg Length: Old=0mm New=2.54mm
PCB-ECO: Change Pad Pin/Pkg Length: Old=0mm New=2.54mm
PCB-ECO: Change Pad Pin/Pkg Length: Old=0mm New=2.54mm
PCB-ECO: Change Pad Pin/Pkg Length: Old=0mm New=2.54mm
PCB-ECO: Change Pad Pin/Pkg Length: Old=0mm New=2.54mm
PCB-ECO: Change Pad Pin/Pkg Length: Old=0mm New=2.54mm
PCB-ECO: Change Pad Pin/Pkg Length: Old=0mm New=2.54mm
