Added Component: Designator=C28(CAP_0805)
Add component (AddParameter): Name = "Brand"; Value = "YAGEO"; VariantName = "[No Variations]"
Add component (AddParameter): Name = "Component"; Value = "Capacitor"; VariantName = "[No Variations]"
Add component (AddParameter): Name = "LCSC Part"; Value = "C440198"; VariantName = "[No Variations]"
Add component (AddParameter): Name = "Manufacturer Part Number"; Value = "CC0805KKX5R9BB106"; VariantName = "[No Variations]"
Add component (AddParameter): Name = "Marking"; Value = "106"; VariantName = "[No Variations]"
Add component (AddParameter): Name = "Package"; Value = "0805"; VariantName = "[No Variations]"
Add component (AddParameter): Name = "Supplier"; Value = "DIGI-KEY"; VariantName = "[No Variations]"
Added Component: Designator=C29(CAP_0805)
Add component (AddParameter): Name = "Brand"; Value = "YAGEO"; VariantName = "[No Variations]"
Add component (AddParameter): Name = "Component"; Value = "Capacitor"; VariantName = "[No Variations]"
Add component (AddParameter): Name = "LCSC Part"; Value = "C440198"; VariantName = "[No Variations]"
Add component (AddParameter): Name = "Manufacturer Part Number"; Value = "CC0805KKX5R9BB106"; VariantName = "[No Variations]"
Add component (AddParameter): Name = "Marking"; Value = "106"; VariantName = "[No Variations]"
Add component (AddParameter): Name = "Package"; Value = "0805"; VariantName = "[No Variations]"
Add component (AddParameter): Name = "Supplier"; Value = "DIGI-KEY"; VariantName = "[No Variations]"
Added Component: Designator=U8(SOT-223)
Add component (AddParameter): Name = "Brand"; Value = "Texas Instruments"; VariantName = "[No Variations]"
Add component (AddParameter): Name = "LCSC Part"; Value = "C79401"; VariantName = "[No Variations]"
Add component (AddParameter): Name = "Manufacturer Part Number"; Value = "LM1117MP-3.3/NOPB"; VariantName = "[No Variations]"
Add component (AddParameter): Name = "Marking"; Value = ""; VariantName = "[No Variations]"
Add component (AddParameter): Name = "Package"; Value = "SOT-223-4"; VariantName = "[No Variations]"
Add component (AddParameter): Name = "Supplier"; Value = ""; VariantName = "[No Variations]"
Added Pin To Net: NetName=GND Pin=C28-1
Added Pin To Net: NetName=+5V Pin=C28-2
Added Pin To Net: NetName=GND Pin=C29-1
Added Pin To Net: NetName=+3V3 Pin=C29-2
Added Pin To Net: NetName=GND Pin=U8-1
Added Pin To Net: NetName=+3V3 Pin=U8-2
Added Pin To Net: NetName=+3V3 Pin=U8-2
Added Pin To Net: NetName=+5V Pin=U8-3
Added Member To Class: ClassName=Sheet2 Member=Component C28 10uF
Added Member To Class: ClassName=Sheet2 Member=Component C29 10uF
Added Member To Class: ClassName=Sheet2 Member=Component U8 LM1117MP-3.3/NOPB
